{"uuid":"88d2f150-9f99-46e4-b46c-a25ff1da59a8","historyId":"e599eeba0f7c747665cbfddaf7048eb4","fullName":"HomePageNotSignedInTest.TC0007","labels":[{"name":"package","value":"HomePageNotSignedInTest"},{"name":"testClass","value":"HomePageNotSignedInTest"},{"name":"testMethod","value":"TC0007"},{"name":"parentSuite","value":"Default Suite"},{"name":"suite","value":"AmazonAutomationTestProject"},{"name":"subSuite","value":"HomePageNotSignedInTest"},{"name":"host","value":"veli-esen"},{"name":"thread","value":"3328@veli-esen.main(1)"},{"name":"framework","value":"testng"},{"name":"language","value":"java"}],"links":[],"name":"TC0007 PASS- Add Product To Cart And Delete Product","status":"broken","statusDetails":{"known":false,"muted":false,"flaky":false,"message":"Compound class names not permitted\nFor documentation on this error, please visit: https://selenium.dev/exceptions/#invalid_selector_exception\nBuild info: version: '4.8.1', revision: '8ebccac989'\nSystem info: os.name: 'Windows 11', os.arch: 'amd64', os.version: '10.0', java.version: '20.0.1'\nDriver info: driver.version: unknown","trace":"org.openqa.selenium.InvalidSelectorException: Compound class names not permitted\nFor documentation on this error, please visit: https://selenium.dev/exceptions/#invalid_selector_exception\nBuild info: version: '4.8.1', revision: '8ebccac989'\nSystem info: os.name: 'Windows 11', os.arch: 'amd64', os.version: '10.0', java.version: '20.0.1'\nDriver info: driver.version: unknown\r\n\tat org.openqa.selenium.By$ByClassName.<init>(By.java:310)\r\n\tat org.openqa.selenium.By.className(By.java:100)\r\n\tat InterfacePages.HomePage.checkCart(HomePage.java:170)\r\n\tat HomePageNotSignedInTest.TC0007(HomePageNotSignedInTest.java:63)\r\n\tat java.base/jdk.internal.reflect.DirectMethodHandleAccessor.invoke(DirectMethodHandleAccessor.java:104)\r\n\tat java.base/java.lang.reflect.Method.invoke(Method.java:578)\r\n\tat org.testng.internal.invokers.MethodInvocationHelper.invokeMethod(MethodInvocationHelper.java:139)\r\n\tat org.testng.internal.invokers.TestInvoker.invokeMethod(TestInvoker.java:677)\r\n\tat org.testng.internal.invokers.TestInvoker.invokeTestMethod(TestInvoker.java:221)\r\n\tat org.testng.internal.invokers.MethodRunner.runInSequence(MethodRunner.java:50)\r\n\tat org.testng.internal.invokers.TestInvoker$MethodInvocationAgent.invoke(TestInvoker.java:969)\r\n\tat org.testng.internal.invokers.TestInvoker.invokeTestMethods(TestInvoker.java:194)\r\n\tat org.testng.internal.invokers.TestMethodWorker.invokeTestMethods(TestMethodWorker.java:148)\r\n\tat org.testng.internal.invokers.TestMethodWorker.run(TestMethodWorker.java:128)\r\n\tat java.base/java.util.ArrayList.forEach(ArrayList.java:1511)\r\n\tat org.testng.TestRunner.privateRun(TestRunner.java:829)\r\n\tat org.testng.TestRunner.run(TestRunner.java:602)\r\n\tat org.testng.SuiteRunner.runTest(SuiteRunner.java:437)\r\n\tat org.testng.SuiteRunner.runSequentially(SuiteRunner.java:431)\r\n\tat org.testng.SuiteRunner.privateRun(SuiteRunner.java:391)\r\n\tat org.testng.SuiteRunner.run(SuiteRunner.java:330)\r\n\tat org.testng.SuiteRunnerWorker.runSuite(SuiteRunnerWorker.java:52)\r\n\tat org.testng.SuiteRunnerWorker.run(SuiteRunnerWorker.java:95)\r\n\tat org.testng.TestNG.runSuitesSequentially(TestNG.java:1256)\r\n\tat org.testng.TestNG.runSuitesLocally(TestNG.java:1176)\r\n\tat org.testng.TestNG.runSuites(TestNG.java:1099)\r\n\tat org.testng.TestNG.run(TestNG.java:1067)\r\n\tat com.intellij.rt.testng.IDEARemoteTestNG.run(IDEARemoteTestNG.java:66)\r\n\tat com.intellij.rt.testng.RemoteTestNGStarter.main(RemoteTestNGStarter.java:105)\r\n"},"stage":"finished","steps":[{"name":"Check Product By ASIN","status":"passed","stage":"finished","steps":[],"attachments":[],"parameters":[],"start":1685740542036,"stop":1685740544199},{"name":"ClicK On Search Button","status":"passed","stage":"finished","steps":[],"attachments":[],"parameters":[],"start":1685740544200,"stop":1685740545374},{"name":"Check The Product","status":"passed","stage":"finished","steps":[],"attachments":[],"parameters":[],"start":1685740545375,"stop":1685740547425},{"name":"ClicK On Product Descriptiom","status":"passed","stage":"finished","steps":[],"attachments":[],"parameters":[],"start":1685740547426,"stop":1685740550238},{"name":"Click On Add To Cart Button","status":"passed","stage":"finished","steps":[],"attachments":[],"parameters":[],"start":1685740550239,"stop":1685740551418},{"name":"Check Whether The Product Is Added To Cart Or Not","status":"broken","statusDetails":{"known":false,"muted":false,"flaky":false,"message":"Compound class names not permitted\nFor documentation on this error, please visit: https://selenium.dev/exceptions/#invalid_selector_exception\nBuild info: version: '4.8.1', revision: '8ebccac989'\nSystem info: os.name: 'Windows 11', os.arch: 'amd64', os.version: '10.0', java.version: '20.0.1'\nDriver info: driver.version: unknown","trace":"org.openqa.selenium.InvalidSelectorException: Compound class names not permitted\nFor documentation on this error, please visit: https://selenium.dev/exceptions/#invalid_selector_exception\nBuild info: version: '4.8.1', revision: '8ebccac989'\nSystem info: os.name: 'Windows 11', os.arch: 'amd64', os.version: '10.0', java.version: '20.0.1'\nDriver info: driver.version: unknown\r\n\tat org.openqa.selenium.By$ByClassName.<init>(By.java:310)\r\n\tat org.openqa.selenium.By.className(By.java:100)\r\n\tat InterfacePages.HomePage.checkCart(HomePage.java:170)\r\n\tat HomePageNotSignedInTest.TC0007(HomePageNotSignedInTest.java:63)\r\n\tat java.base/jdk.internal.reflect.DirectMethodHandleAccessor.invoke(DirectMethodHandleAccessor.java:104)\r\n\tat java.base/java.lang.reflect.Method.invoke(Method.java:578)\r\n\tat org.testng.internal.invokers.MethodInvocationHelper.invokeMethod(MethodInvocationHelper.java:139)\r\n\tat org.testng.internal.invokers.TestInvoker.invokeMethod(TestInvoker.java:677)\r\n\tat org.testng.internal.invokers.TestInvoker.invokeTestMethod(TestInvoker.java:221)\r\n\tat org.testng.internal.invokers.MethodRunner.runInSequence(MethodRunner.java:50)\r\n\tat org.testng.internal.invokers.TestInvoker$MethodInvocationAgent.invoke(TestInvoker.java:969)\r\n\tat org.testng.internal.invokers.TestInvoker.invokeTestMethods(TestInvoker.java:194)\r\n\tat org.testng.internal.invokers.TestMethodWorker.invokeTestMethods(TestMethodWorker.java:148)\r\n\tat org.testng.internal.invokers.TestMethodWorker.run(TestMethodWorker.java:128)\r\n\tat java.base/java.util.ArrayList.forEach(ArrayList.java:1511)\r\n\tat org.testng.TestRunner.privateRun(TestRunner.java:829)\r\n\tat org.testng.TestRunner.run(TestRunner.java:602)\r\n\tat org.testng.SuiteRunner.runTest(SuiteRunner.java:437)\r\n\tat org.testng.SuiteRunner.runSequentially(SuiteRunner.java:431)\r\n\tat org.testng.SuiteRunner.privateRun(SuiteRunner.java:391)\r\n\tat org.testng.SuiteRunner.run(SuiteRunner.java:330)\r\n\tat org.testng.SuiteRunnerWorker.runSuite(SuiteRunnerWorker.java:52)\r\n\tat org.testng.SuiteRunnerWorker.run(SuiteRunnerWorker.java:95)\r\n\tat org.testng.TestNG.runSuitesSequentially(TestNG.java:1256)\r\n\tat org.testng.TestNG.runSuitesLocally(TestNG.java:1176)\r\n\tat org.testng.TestNG.runSuites(TestNG.java:1099)\r\n\tat org.testng.TestNG.run(TestNG.java:1067)\r\n\tat com.intellij.rt.testng.IDEARemoteTestNG.run(IDEARemoteTestNG.java:66)\r\n\tat com.intellij.rt.testng.RemoteTestNGStarter.main(RemoteTestNGStarter.java:105)\r\n"},"stage":"finished","steps":[],"attachments":[],"parameters":[],"start":1685740551418,"stop":1685740551421}],"attachments":[],"parameters":[],"start":1685740541913,"stop":1685740551425}